# JRE version: OpenJDK Runtime Environment (17.0.10) (build 17.0.10+0--11609105)
# Java VM: OpenJDK 64-Bit Server VM (17.0.10+0--11609105, mixed mode, tiered, compressed oops, compressed class ptrs, g1 gc, windows-amd64)
GC Precious Log:
 CPUs: 8 total, 8 available
 Memory: 16262M
 Large Page Support: Disabled
 NUMA Support: Disabled
 Compressed Oops: Enabled (32-bit)
 Heap Region Size: 1M
 Heap Min Capacity: 8M
 Heap Initial Capacity: 256M
 Heap Max Capacity: 2G
 Pre-touch: Disabled
 Parallel Workers: 8
 Concurrent Workers: 2
 Concurrent Refinement Workers: 8
 Periodic GC: Disabled
Heap:
 garbage-first heap   total 239616K, used 143546K [0x0000000080000000, 0x0000000100000000)
  region size 1024K, 14 young (14336K), 5 survivors (5120K)
 Metaspace       used 113774K, committed 114560K, reserved 1179648K
  class space    used 15603K, committed 16000K, reserved 1048576K
GC Heap History (20 events):
Event: 25.562 GC heap before
{Heap before GC invocations=35 (full 0):
 garbage-first heap   total 214016K, used 175384K [0x0000000080000000, 0x0000000100000000)
  region size 1024K, 84 young (86016K), 9 survivors (9216K)
 Metaspace       used 101434K, committed 102208K, reserved 1179648K
  class space    used 14165K, committed 14528K, reserved 1048576K
}
Event: 25.578 GC heap after
{Heap after GC invocations=36 (full 0):
 garbage-first heap   total 214016K, used 106997K [0x0000000080000000, 0x0000000100000000)
  region size 1024K, 11 young (11264K), 11 survivors (11264K)
 Metaspace       used 101434K, committed 102208K, reserved 1179648K
  class space    used 14165K, committed 14528K, reserved 1048576K
}
Event: 25.601 GC heap before
{Heap before GC invocations=36 (full 0):
 garbage-first heap   total 214016K, used 106997K [0x0000000080000000, 0x0000000100000000)
  region size 1024K, 12 young (12288K), 11 survivors (11264K)
 Metaspace       used 101435K, committed 102208K, reserved 1179648K
  class space    used 14165K, committed 14528K, reserved 1048576K
}
Event: 25.614 GC heap after
{Heap after GC invocations=37 (full 0):
 garbage-first heap   total 214016K, used 107083K [0x0000000080000000, 0x0000000100000000)
  region size 1024K, 2 young (2048K), 2 survivors (2048K)
 Metaspace       used 101435K, committed 102208K, reserved 1179648K
  class space    used 14165K, committed 14528K, reserved 1048576K
}
Event: 26.723 GC heap before
{Heap before GC invocations=37 (full 0):
 garbage-first heap   total 214016K, used 173643K [0x0000000080000000, 0x0000000100000000)
  region size 1024K, 67 young (68608K), 2 survivors (2048K)
 Metaspace       used 101568K, committed 102336K, reserved 1179648K
  class space    used 14167K, committed 14528K, reserved 1048576K
}
Event: 26.728 GC heap after
{Heap after GC invocations=38 (full 0):
 garbage-first heap   total 214016K, used 109213K [0x0000000080000000, 0x0000000100000000)
  region size 1024K, 4 young (4096K), 4 survivors (4096K)
 Metaspace       used 101568K, committed 102336K, reserved 1179648K
  class space    used 14167K, committed 14528K, reserved 1048576K
}
Event: 27.832 GC heap before
{Heap before GC invocations=39 (full 0):
 garbage-first heap   total 214016K, used 175773K [0x0000000080000000, 0x0000000100000000)
  region size 1024K, 69 young (70656K), 4 survivors (4096K)
 Metaspace       used 102202K, committed 102976K, reserved 1179648K
  class space    used 14274K, committed 14656K, reserved 1048576K
}
Event: 27.840 GC heap after
{Heap after GC invocations=40 (full 0):
 garbage-first heap   total 214016K, used 112124K [0x0000000080000000, 0x0000000100000000)
  region size 1024K, 7 young (7168K), 7 survivors (7168K)
 Metaspace       used 102202K, committed 102976K, reserved 1179648K
  class space    used 14274K, committed 14656K, reserved 1048576K
}
Event: 27.892 GC heap before
{Heap before GC invocations=40 (full 0):
 garbage-first heap   total 214016K, used 115196K [0x0000000080000000, 0x0000000100000000)
  region size 1024K, 10 young (10240K), 7 survivors (7168K)
 Metaspace       used 102202K, committed 102976K, reserved 1179648K
  class space    used 14274K, committed 14656K, reserved 1048576K
}
Event: 27.902 GC heap after
{Heap after GC invocations=41 (full 0):
 garbage-first heap   total 214016K, used 110848K [0x0000000080000000, 0x0000000100000000)
  region size 1024K, 2 young (2048K), 2 survivors (2048K)
 Metaspace       used 102202K, committed 102976K, reserved 1179648K
  class space    used 14274K, committed 14656K, reserved 1048576K
}
Event: 28.679 GC heap before
{Heap before GC invocations=41 (full 0):
 garbage-first heap   total 214016K, used 176384K [0x0000000080000000, 0x0000000100000000)
  region size 1024K, 66 young (67584K), 2 survivors (2048K)
 Metaspace       used 102249K, committed 103040K, reserved 1179648K
  class space    used 14276K, committed 14656K, reserved 1048576K
}
Event: 28.686 GC heap after
{Heap after GC invocations=42 (full 0):
 garbage-first heap   total 214016K, used 113499K [0x0000000080000000, 0x0000000100000000)
  region size 1024K, 5 young (5120K), 5 survivors (5120K)
 Metaspace       used 102249K, committed 103040K, reserved 1179648K
  class space    used 14276K, committed 14656K, reserved 1048576K
}
Event: 29.908 GC heap before
{Heap before GC invocations=42 (full 0):
 garbage-first heap   total 214016K, used 175963K [0x0000000080000000, 0x0000000100000000)
  region size 1024K, 67 young (68608K), 5 survivors (5120K)
 Metaspace       used 102476K, committed 103232K, reserved 1179648K
  class space    used 14310K, committed 14656K, reserved 1048576K
}
Event: 29.917 GC heap after
{Heap after GC invocations=43 (full 0):
 garbage-first heap   total 214016K, used 116016K [0x0000000080000000, 0x0000000100000000)
  region size 1024K, 7 young (7168K), 7 survivors (7168K)
 Metaspace       used 102476K, committed 103232K, reserved 1179648K
  class space    used 14310K, committed 14656K, reserved 1048576K
}
Event: 31.038 GC heap before
{Heap before GC invocations=43 (full 0):
 garbage-first heap   total 214016K, used 181552K [0x0000000080000000, 0x0000000100000000)
  region size 1024K, 67 young (68608K), 7 survivors (7168K)
 Metaspace       used 106934K, committed 107648K, reserved 1179648K
  class space    used 14882K, committed 15232K, reserved 1048576K
}
Event: 31.048 GC heap after
{Heap after GC invocations=44 (full 0):
 garbage-first heap   total 214016K, used 118055K [0x0000000080000000, 0x0000000100000000)
  region size 1024K, 7 young (7168K), 7 survivors (7168K)
 Metaspace       used 106934K, committed 107648K, reserved 1179648K
  class space    used 14882K, committed 15232K, reserved 1048576K
}
Event: 32.392 GC heap before
{Heap before GC invocations=44 (full 0):
 garbage-first heap   total 214016K, used 179495K [0x0000000080000000, 0x0000000100000000)
  region size 1024K, 66 young (67584K), 7 survivors (7168K)
 Metaspace       used 111253K, committed 112128K, reserved 1179648K
  class space    used 15320K, committed 15744K, reserved 1048576K
}
Event: 32.413 GC heap after
{Heap after GC invocations=45 (full 0):
 garbage-first heap   total 214016K, used 134000K [0x0000000080000000, 0x0000000100000000)
  region size 1024K, 9 young (9216K), 9 survivors (9216K)
 Metaspace       used 111253K, committed 112128K, reserved 1179648K
  class space    used 15320K, committed 15744K, reserved 1048576K
}
Event: 33.604 GC heap before
{Heap before GC invocations=45 (full 0):
 garbage-first heap   total 214016K, used 172912K [0x0000000080000000, 0x0000000100000000)
  region size 1024K, 48 young (49152K), 9 survivors (9216K)
 Metaspace       used 113746K, committed 114560K, reserved 1179648K
  class space    used 15603K, committed 16000K, reserved 1048576K
}
Event: 33.615 GC heap after
{Heap after GC invocations=46 (full 0):
 garbage-first heap   total 214016K, used 136378K [0x0000000080000000, 0x0000000100000000)
  region size 1024K, 5 young (5120K), 5 survivors (5120K)
 Metaspace       used 113746K, committed 114560K, reserved 1179648K
  class space    used 15603K, committed 16000K, reserved 1048576K
}

